<html>
<head>
<title>TestNG:  Surefire test</title>
<link href="../testng.css" rel="stylesheet" type="text/css" />
<link href="../my-testng.css" rel="stylesheet" type="text/css" />

<style type="text/css">
.log { display: none;} 
.stack-trace { display: none;} 
</style>
<script type="text/javascript">
<!--
function flip(e) {
  current = e.style.display;
  if (current == 'block') {
    e.style.display = 'none';
    return 0;
  }
  else {
    e.style.display = 'block';
    return 1;
  }
}

function toggleBox(szDivId, elem, msg1, msg2)
{
  var res = -1;  if (document.getElementById) {
    res = flip(document.getElementById(szDivId));
  }
  else if (document.all) {
    // this is the way old msie versions work
    res = flip(document.all[szDivId]);
  }
  if(elem) {
    if(res == 0) elem.innerHTML = msg1; else elem.innerHTML = msg2;
  }

}

function toggleAllBoxes() {
  if (document.getElementsByTagName) {
    d = document.getElementsByTagName('div');
    for (i = 0; i < d.length; i++) {
      if (d[i].className == 'log') {
        flip(d[i]);
      }
    }
  }
}

// -->
</script>

</head>
<body>
<h2 align='center'>Surefire test</h2><table border='1' align="center">
<tr>
<td>Tests passed/Failed/Skipped:</td><td>21/6/0</td>
</tr><tr>
<td>Started on:</td><td>Tue Mar 22 20:03:10 EET 2022</td>
</tr>
<tr><td>Total time:</td><td>27 seconds (27317 ms)</td>
</tr><tr>
<td>Included groups:</td><td></td>
</tr><tr>
<td>Excluded groups:</td><td></td>
</tr>
</table><p/>
<small><i>(Hover the method name to see the test class name)</i></small><p/>
<table width='100%' border='1' class='invocation-failed'>
<tr><td colspan='4' align='center'><b>FAILED TESTS</b></td></tr>
<tr><td><b>Test method</b></td>
<td width="30%"><b>Exception</b></td>
<td width="10%"><b>Time (seconds)</b></td>
<td><b>Instance</b></td>
</tr>
<tr>
<td title='com.multimodule.apitesting.runners.Regression.runScenario()'><b>runScenario</b><br>Test class: com.multimodule.apitesting.runners.Regression<br>Test method: Runs Cucumber Scenarios<br>Parameters: "User try to add the category with valid data", "Optional[User Wants to add a new category]"</td>
<td><div><pre>java.lang.AssertionError: 1 expectation failed.
JSON path isEmpty() doesn&apos;t match.
Expected: is &lt;true&gt;
  Actual: &lt;false&gt;

	at org.codehaus.groovy.runtime.callsite.ConstructorSite$ConstructorSiteNoUnwrapNoCoerce.callConstructor(ConstructorSite.java:105)
	at org.codehaus.groovy.runtime.callsite.CallSiteArray.defaultCallConstructor(CallSiteArray.java:59)
	at org.codehaus.groovy.runtime.callsite.AbstractCallSite.callConstructor(AbstractCallSite.java:263)
	at org.codehaus.groovy.runtime.callsite.AbstractCallSite.callConstructor(AbstractCallSite.java:277)
	at io.restassured.internal.ResponseSpecificationImpl$HamcrestAssertionClosure.validate(ResponseSpecificationImpl.groovy:499)
	at io.restassured.internal.ResponseSpecificationImpl$HamcrestAssertionClosure$validate$2.call(Unknown Source)
	at io.restassured.internal.ResponseSpecificationImpl.validateResponseIfRequired(ResponseSpecificationImpl.groovy:684)
	at org.codehaus.groovy.runtime.callsite.PlainObjectMetaMethodSite.doInvoke(PlainObjectMetaMethodSite.java:43)
	at org.codehaus.groovy.runtime.callsite.PogoMetaMethodSite$PogoCachedMethodSiteNoUnwrapNoCoerce.invoke(PogoMetaMethodSite.java:193)
	at org.codehaus.groovy.runtime.callsite.PogoMetaMethodSite.callCurrent(PogoMetaMethodSite.java:61)
	at org.codehaus.groovy.runtime.callsite.AbstractCallSite.callCurrent(AbstractCallSite.java:185)
	at io.restassured.internal.ResponseSpecificationImpl.body(ResponseSpecificationImpl.groovy:262)
	at io.restassured.specification.ResponseSpecification$body$1.callCurrent(Unknown Source)
	at org.codehaus.groovy.runtime.callsite.CallSiteArray.defaultCallCurrent(CallSiteArray.java:51)
	at io.restassured.specification.ResponseSpecification$body$1.callCurrent(Unknown Source)
	at io.restassured.internal.ResponseSpecificationImpl.body(ResponseSpecificationImpl.groovy:109)
	at io.restassured.internal.ValidatableResponseOptionsImpl.body(ValidatableResponseOptionsImpl.java:244)
	at io.restassured.internal.ValidatableResponseImpl.super$2$body(ValidatableResponseImpl.groovy)
	at groovy.lang.MetaMethod.doMethodInvoke(MetaMethod.java:323)
	at groovy.lang.MetaClassImpl.invokeMethod(MetaClassImpl.java:1268)
	at org.codehaus.groovy.runtime.ScriptBytecodeAdapter.invokeMethodOnSuperN(ScriptBytecodeAdapter.java:144)
	at io.restassured.internal.ValidatableResponseImpl.body(ValidatableResponseImpl.groovy:298)
	at io.restassured.internal.ValidatableResponseImpl.body(ValidatableResponseImpl.groovy)
	at com.multimodule.apitesting.driver.Assertions.emptyBody(Assertions.java:76)
	at com.multimodule.apitesting.stepDefinitions.testSteps.category.PostNewCategory.new_category_response_body_should_be_is_empty(PostNewCategory.java:58)
	at ?.new category response body  should be is empty(file:///C:/Users/Khaled%20M%20Farh/Downloads/test-multi-module-project/test-api-project/src/test/resources/featuers/../featuers/categories/PostNewCategory.feature:12)
... Removed 14 stack frames</pre></div><a href='#' onClick='toggleBox("stack-trace1523800655", this, "Click to show all stack frames", "Click to hide stack frames")'>Click to show all stack frames</a>
<div class='stack-trace' id='stack-trace1523800655'><pre>java.lang.AssertionError: 1 expectation failed.
JSON path isEmpty() doesn&apos;t match.
Expected: is &lt;true&gt;
  Actual: &lt;false&gt;

	at java.base/jdk.internal.reflect.NativeConstructorAccessorImpl.newInstance0(Native Method)
	at java.base/jdk.internal.reflect.NativeConstructorAccessorImpl.newInstance(NativeConstructorAccessorImpl.java:77)
	at java.base/jdk.internal.reflect.DelegatingConstructorAccessorImpl.newInstance(DelegatingConstructorAccessorImpl.java:45)
	at java.base/java.lang.reflect.Constructor.newInstanceWithCaller(Constructor.java:499)
	at java.base/java.lang.reflect.Constructor.newInstance(Constructor.java:480)
	at org.codehaus.groovy.reflection.CachedConstructor.invoke(CachedConstructor.java:72)
	at org.codehaus.groovy.runtime.callsite.ConstructorSite$ConstructorSiteNoUnwrapNoCoerce.callConstructor(ConstructorSite.java:105)
	at org.codehaus.groovy.runtime.callsite.CallSiteArray.defaultCallConstructor(CallSiteArray.java:59)
	at org.codehaus.groovy.runtime.callsite.AbstractCallSite.callConstructor(AbstractCallSite.java:263)
	at org.codehaus.groovy.runtime.callsite.AbstractCallSite.callConstructor(AbstractCallSite.java:277)
	at io.restassured.internal.ResponseSpecificationImpl$HamcrestAssertionClosure.validate(ResponseSpecificationImpl.groovy:499)
	at io.restassured.internal.ResponseSpecificationImpl$HamcrestAssertionClosure$validate$2.call(Unknown Source)
	at io.restassured.internal.ResponseSpecificationImpl.validateResponseIfRequired(ResponseSpecificationImpl.groovy:684)
	at jdk.internal.reflect.GeneratedMethodAccessor294.invoke(Unknown Source)
	at java.base/jdk.internal.reflect.DelegatingMethodAccessorImpl.invoke(DelegatingMethodAccessorImpl.java:43)
	at java.base/java.lang.reflect.Method.invoke(Method.java:568)
	at org.codehaus.groovy.runtime.callsite.PlainObjectMetaMethodSite.doInvoke(PlainObjectMetaMethodSite.java:43)
	at org.codehaus.groovy.runtime.callsite.PogoMetaMethodSite$PogoCachedMethodSiteNoUnwrapNoCoerce.invoke(PogoMetaMethodSite.java:193)
	at org.codehaus.groovy.runtime.callsite.PogoMetaMethodSite.callCurrent(PogoMetaMethodSite.java:61)
	at org.codehaus.groovy.runtime.callsite.AbstractCallSite.callCurrent(AbstractCallSite.java:185)
	at io.restassured.internal.ResponseSpecificationImpl.body(ResponseSpecificationImpl.groovy:262)
	at io.restassured.specification.ResponseSpecification$body$1.callCurrent(Unknown Source)
	at org.codehaus.groovy.runtime.callsite.CallSiteArray.defaultCallCurrent(CallSiteArray.java:51)
	at io.restassured.specification.ResponseSpecification$body$1.callCurrent(Unknown Source)
	at io.restassured.internal.ResponseSpecificationImpl.body(ResponseSpecificationImpl.groovy:109)
	at io.restassured.internal.ValidatableResponseOptionsImpl.body(ValidatableResponseOptionsImpl.java:244)
	at io.restassured.internal.ValidatableResponseImpl.super$2$body(ValidatableResponseImpl.groovy)
	at java.base/jdk.internal.reflect.NativeMethodAccessorImpl.invoke0(Native Method)
	at java.base/jdk.internal.reflect.NativeMethodAccessorImpl.invoke(NativeMethodAccessorImpl.java:77)
	at java.base/jdk.internal.reflect.DelegatingMethodAccessorImpl.invoke(DelegatingMethodAccessorImpl.java:43)
	at java.base/java.lang.reflect.Method.invoke(Method.java:568)
	at org.codehaus.groovy.reflection.CachedMethod.invoke(CachedMethod.java:107)
	at groovy.lang.MetaMethod.doMethodInvoke(MetaMethod.java:323)
	at groovy.lang.MetaClassImpl.invokeMethod(MetaClassImpl.java:1268)
	at org.codehaus.groovy.runtime.ScriptBytecodeAdapter.invokeMethodOnSuperN(ScriptBytecodeAdapter.java:144)
	at io.restassured.internal.ValidatableResponseImpl.body(ValidatableResponseImpl.groovy:298)
	at io.restassured.internal.ValidatableResponseImpl.body(ValidatableResponseImpl.groovy)
	at com.multimodule.apitesting.driver.Assertions.emptyBody(Assertions.java:76)
	at com.multimodule.apitesting.stepDefinitions.testSteps.category.PostNewCategory.new_category_response_body_should_be_is_empty(PostNewCategory.java:58)
	at ?.new category response body  should be is empty(file:///C:/Users/Khaled%20M%20Farh/Downloads/test-multi-module-project/test-api-project/src/test/resources/featuers/../featuers/categories/PostNewCategory.feature:12)
</pre></div></td>
<td>9</td>
<td>com.multimodule.apitesting.runners.Regression@2d9d4f9d</td></tr>
<tr>
<td title='com.multimodule.apitesting.runners.Regression.runScenario()'><b>runScenario</b><br>Test class: com.multimodule.apitesting.runners.Regression<br>Test method: Runs Cucumber Scenarios<br>Parameters: "User try to add the product with valid data", "Optional[User Wants to add a new product]"</td>
<td><div><pre>java.lang.AssertionError: 1 expectation failed.
JSON path isEmpty() doesn&apos;t match.
Expected: is &lt;true&gt;
  Actual: &lt;false&gt;

	at org.codehaus.groovy.runtime.callsite.ConstructorSite$ConstructorSiteNoUnwrapNoCoerce.callConstructor(ConstructorSite.java:105)
	at org.codehaus.groovy.runtime.callsite.AbstractCallSite.callConstructor(AbstractCallSite.java:277)
	at io.restassured.internal.ResponseSpecificationImpl$HamcrestAssertionClosure.validate(ResponseSpecificationImpl.groovy:499)
	at io.restassured.internal.ResponseSpecificationImpl$HamcrestAssertionClosure$validate$2.call(Unknown Source)
	at io.restassured.internal.ResponseSpecificationImpl.validateResponseIfRequired(ResponseSpecificationImpl.groovy:684)
	at org.codehaus.groovy.runtime.callsite.PlainObjectMetaMethodSite.doInvoke(PlainObjectMetaMethodSite.java:43)
	at org.codehaus.groovy.runtime.callsite.PogoMetaMethodSite$PogoCachedMethodSiteNoUnwrapNoCoerce.invoke(PogoMetaMethodSite.java:193)
	at org.codehaus.groovy.runtime.callsite.PogoMetaMethodSite.callCurrent(PogoMetaMethodSite.java:61)
	at org.codehaus.groovy.runtime.callsite.AbstractCallSite.callCurrent(AbstractCallSite.java:185)
	at io.restassured.internal.ResponseSpecificationImpl.body(ResponseSpecificationImpl.groovy:262)
	at io.restassured.specification.ResponseSpecification$body$1.callCurrent(Unknown Source)
	at io.restassured.internal.ResponseSpecificationImpl.body(ResponseSpecificationImpl.groovy:109)
	at io.restassured.internal.ValidatableResponseOptionsImpl.body(ValidatableResponseOptionsImpl.java:244)
	at io.restassured.internal.ValidatableResponseImpl.super$2$body(ValidatableResponseImpl.groovy)
	at groovy.lang.MetaMethod.doMethodInvoke(MetaMethod.java:323)
	at groovy.lang.MetaClassImpl.invokeMethod(MetaClassImpl.java:1268)
	at org.codehaus.groovy.runtime.ScriptBytecodeAdapter.invokeMethodOnSuperN(ScriptBytecodeAdapter.java:144)
	at io.restassured.internal.ValidatableResponseImpl.body(ValidatableResponseImpl.groovy:298)
	at io.restassured.internal.ValidatableResponseImpl.body(ValidatableResponseImpl.groovy)
	at com.multimodule.apitesting.driver.Assertions.emptyBody(Assertions.java:76)
	at com.multimodule.apitesting.stepDefinitions.testSteps.products.PostNewProduct.response_body_is_empty(PostNewProduct.java:52)
	at ?.new product response body  should be is empty(file:///C:/Users/Khaled%20M%20Farh/Downloads/test-multi-module-project/test-api-project/src/test/resources/featuers/../featuers/products/PostNewProduct.feature:12)
... Removed 14 stack frames</pre></div><a href='#' onClick='toggleBox("stack-trace522926081", this, "Click to show all stack frames", "Click to hide stack frames")'>Click to show all stack frames</a>
<div class='stack-trace' id='stack-trace522926081'><pre>java.lang.AssertionError: 1 expectation failed.
JSON path isEmpty() doesn&apos;t match.
Expected: is &lt;true&gt;
  Actual: &lt;false&gt;

	at java.base/jdk.internal.reflect.NativeConstructorAccessorImpl.newInstance0(Native Method)
	at java.base/jdk.internal.reflect.NativeConstructorAccessorImpl.newInstance(NativeConstructorAccessorImpl.java:77)
	at java.base/jdk.internal.reflect.DelegatingConstructorAccessorImpl.newInstance(DelegatingConstructorAccessorImpl.java:45)
	at java.base/java.lang.reflect.Constructor.newInstanceWithCaller(Constructor.java:499)
	at java.base/java.lang.reflect.Constructor.newInstance(Constructor.java:480)
	at org.codehaus.groovy.reflection.CachedConstructor.invoke(CachedConstructor.java:72)
	at org.codehaus.groovy.runtime.callsite.ConstructorSite$ConstructorSiteNoUnwrapNoCoerce.callConstructor(ConstructorSite.java:105)
	at org.codehaus.groovy.runtime.callsite.AbstractCallSite.callConstructor(AbstractCallSite.java:277)
	at io.restassured.internal.ResponseSpecificationImpl$HamcrestAssertionClosure.validate(ResponseSpecificationImpl.groovy:499)
	at io.restassured.internal.ResponseSpecificationImpl$HamcrestAssertionClosure$validate$2.call(Unknown Source)
	at io.restassured.internal.ResponseSpecificationImpl.validateResponseIfRequired(ResponseSpecificationImpl.groovy:684)
	at jdk.internal.reflect.GeneratedMethodAccessor294.invoke(Unknown Source)
	at java.base/jdk.internal.reflect.DelegatingMethodAccessorImpl.invoke(DelegatingMethodAccessorImpl.java:43)
	at java.base/java.lang.reflect.Method.invoke(Method.java:568)
	at org.codehaus.groovy.runtime.callsite.PlainObjectMetaMethodSite.doInvoke(PlainObjectMetaMethodSite.java:43)
	at org.codehaus.groovy.runtime.callsite.PogoMetaMethodSite$PogoCachedMethodSiteNoUnwrapNoCoerce.invoke(PogoMetaMethodSite.java:193)
	at org.codehaus.groovy.runtime.callsite.PogoMetaMethodSite.callCurrent(PogoMetaMethodSite.java:61)
	at org.codehaus.groovy.runtime.callsite.AbstractCallSite.callCurrent(AbstractCallSite.java:185)
	at io.restassured.internal.ResponseSpecificationImpl.body(ResponseSpecificationImpl.groovy:262)
	at io.restassured.specification.ResponseSpecification$body$1.callCurrent(Unknown Source)
	at io.restassured.internal.ResponseSpecificationImpl.body(ResponseSpecificationImpl.groovy:109)
	at io.restassured.internal.ValidatableResponseOptionsImpl.body(ValidatableResponseOptionsImpl.java:244)
	at io.restassured.internal.ValidatableResponseImpl.super$2$body(ValidatableResponseImpl.groovy)
	at java.base/jdk.internal.reflect.NativeMethodAccessorImpl.invoke0(Native Method)
	at java.base/jdk.internal.reflect.NativeMethodAccessorImpl.invoke(NativeMethodAccessorImpl.java:77)
	at java.base/jdk.internal.reflect.DelegatingMethodAccessorImpl.invoke(DelegatingMethodAccessorImpl.java:43)
	at java.base/java.lang.reflect.Method.invoke(Method.java:568)
	at org.codehaus.groovy.reflection.CachedMethod.invoke(CachedMethod.java:107)
	at groovy.lang.MetaMethod.doMethodInvoke(MetaMethod.java:323)
	at groovy.lang.MetaClassImpl.invokeMethod(MetaClassImpl.java:1268)
	at org.codehaus.groovy.runtime.ScriptBytecodeAdapter.invokeMethodOnSuperN(ScriptBytecodeAdapter.java:144)
	at io.restassured.internal.ValidatableResponseImpl.body(ValidatableResponseImpl.groovy:298)
	at io.restassured.internal.ValidatableResponseImpl.body(ValidatableResponseImpl.groovy)
	at com.multimodule.apitesting.driver.Assertions.emptyBody(Assertions.java:76)
	at com.multimodule.apitesting.stepDefinitions.testSteps.products.PostNewProduct.response_body_is_empty(PostNewProduct.java:52)
	at ?.new product response body  should be is empty(file:///C:/Users/Khaled%20M%20Farh/Downloads/test-multi-module-project/test-api-project/src/test/resources/featuers/../featuers/products/PostNewProduct.feature:12)
</pre></div></td>
<td>10</td>
<td>com.multimodule.apitesting.runners.Regression@2d9d4f9d</td></tr>
<tr>
<td title='com.multimodule.apitesting.runners.Regression.runScenario()'><b>runScenario</b><br>Test class: com.multimodule.apitesting.runners.Regression<br>Test method: Runs Cucumber Scenarios<br>Parameters: "User try to update the product with valid data", "Optional[User Wants to update a product data]"</td>
<td><div><pre>java.lang.AssertionError: 1 expectation failed.
Response body doesn&apos;t match expectation.
Expected: The content to match the given JSON schema.
warning: the following keywords are unknown and will be ignored: [image, manufacturer, model, name, price, shipping, upc, url]
    level: &quot;warning&quot;
    schema: {&quot;loadingURI&quot;:&quot;#&quot;,&quot;pointer&quot;:&quot;&quot;}
    domain: &quot;syntax&quot;
    ignored: [&quot;image&quot;,&quot;manufacturer&quot;,&quot;model&quot;,&quot;name&quot;,&quot;price&quot;,&quot;shipping&quot;,&quot;upc&quot;,&quot;url&quot;]
error: instance type (object) does not match any allowed primitive type (allowed: [&quot;string&quot;])
    level: &quot;error&quot;
    schema: {&quot;loadingURI&quot;:&quot;#&quot;,&quot;pointer&quot;:&quot;&quot;}
    instance: {&quot;pointer&quot;:&quot;&quot;}
    domain: &quot;validation&quot;
    keyword: &quot;type&quot;
    found: &quot;object&quot;
    expected: [&quot;string&quot;]

  Actual: {&quot;id&quot;:312290,&quot;name&quot;:&quot;1&quot;,&quot;type&quot;:&quot;Product Patched&quot;,&quot;price&quot;:1222,&quot;upc&quot;:&quot;string&quot;,&quot;shipping&quot;:2666,&quot;description&quot;:&quot;Product Patched&quot;,&quot;manufacturer&quot;:&quot;Test product&quot;,&quot;model&quot;:&quot;Product Patched&quot;,&quot;url&quot;:&quot;Test product&quot;,&quot;image&quot;:&quot;Test product&quot;,&quot;createdAt&quot;:&quot;2016-11-17T17:58:03.298Z&quot;,&quot;updatedAt&quot;:&quot;2022-03-22T18:03:18.969Z&quot;}

	at org.codehaus.groovy.runtime.callsite.ConstructorSite$ConstructorSiteNoUnwrapNoCoerce.callConstructor(ConstructorSite.java:105)
	at org.codehaus.groovy.runtime.callsite.AbstractCallSite.callConstructor(AbstractCallSite.java:277)
	at io.restassured.internal.ResponseSpecificationImpl$HamcrestAssertionClosure.validate(ResponseSpecificationImpl.groovy:499)
	at io.restassured.internal.ResponseSpecificationImpl$HamcrestAssertionClosure$validate$2.call(Unknown Source)
	at io.restassured.internal.ResponseSpecificationImpl.validateResponseIfRequired(ResponseSpecificationImpl.groovy:684)
	at org.codehaus.groovy.runtime.callsite.PlainObjectMetaMethodSite.doInvoke(PlainObjectMetaMethodSite.java:43)
	at org.codehaus.groovy.runtime.callsite.PogoMetaMethodSite$PogoCachedMethodSiteNoUnwrapNoCoerce.invoke(PogoMetaMethodSite.java:193)
	at org.codehaus.groovy.runtime.callsite.PogoMetaMethodSite.callCurrent(PogoMetaMethodSite.java:61)
	at org.codehaus.groovy.runtime.callsite.AbstractCallSite.callCurrent(AbstractCallSite.java:185)
	at io.restassured.internal.ResponseSpecificationImpl.body(ResponseSpecificationImpl.groovy:99)
	at io.restassured.internal.ValidatableResponseOptionsImpl.body(ValidatableResponseOptionsImpl.java:238)
	at io.restassured.internal.ValidatableResponseImpl.super$2$body(ValidatableResponseImpl.groovy)
	at groovy.lang.MetaMethod.doMethodInvoke(MetaMethod.java:323)
	at groovy.lang.MetaClassImpl.invokeMethod(MetaClassImpl.java:1268)
	at org.codehaus.groovy.runtime.ScriptBytecodeAdapter.invokeMethodOnSuperN(ScriptBytecodeAdapter.java:144)
	at io.restassured.internal.ValidatableResponseImpl.body(ValidatableResponseImpl.groovy:293)
	at io.restassured.internal.ValidatableResponseImpl.body(ValidatableResponseImpl.groovy)
	at com.multimodule.apitesting.driver.Assertions.bodySchema(Assertions.java:44)
	at com.multimodule.apitesting.stepDefinitions.testSteps.products.UpdateProductByID.updateProductData_validBody_BodyMatches(UpdateProductByID.java:56)
	at ?.update product response body matches &quot;scenarios/updateproduct/UpdateProduct_AllFields-response.json&quot;(file:///C:/Users/Khaled%20M%20Farh/Downloads/test-multi-module-project/test-api-project/src/test/resources/featuers/../featuers/products/UpdateProductByID.feature:12)
... Removed 14 stack frames</pre></div><a href='#' onClick='toggleBox("stack-trace1690339456", this, "Click to show all stack frames", "Click to hide stack frames")'>Click to show all stack frames</a>
<div class='stack-trace' id='stack-trace1690339456'><pre>java.lang.AssertionError: 1 expectation failed.
Response body doesn&apos;t match expectation.
Expected: The content to match the given JSON schema.
warning: the following keywords are unknown and will be ignored: [image, manufacturer, model, name, price, shipping, upc, url]
    level: &quot;warning&quot;
    schema: {&quot;loadingURI&quot;:&quot;#&quot;,&quot;pointer&quot;:&quot;&quot;}
    domain: &quot;syntax&quot;
    ignored: [&quot;image&quot;,&quot;manufacturer&quot;,&quot;model&quot;,&quot;name&quot;,&quot;price&quot;,&quot;shipping&quot;,&quot;upc&quot;,&quot;url&quot;]
error: instance type (object) does not match any allowed primitive type (allowed: [&quot;string&quot;])
    level: &quot;error&quot;
    schema: {&quot;loadingURI&quot;:&quot;#&quot;,&quot;pointer&quot;:&quot;&quot;}
    instance: {&quot;pointer&quot;:&quot;&quot;}
    domain: &quot;validation&quot;
    keyword: &quot;type&quot;
    found: &quot;object&quot;
    expected: [&quot;string&quot;]

  Actual: {&quot;id&quot;:312290,&quot;name&quot;:&quot;1&quot;,&quot;type&quot;:&quot;Product Patched&quot;,&quot;price&quot;:1222,&quot;upc&quot;:&quot;string&quot;,&quot;shipping&quot;:2666,&quot;description&quot;:&quot;Product Patched&quot;,&quot;manufacturer&quot;:&quot;Test product&quot;,&quot;model&quot;:&quot;Product Patched&quot;,&quot;url&quot;:&quot;Test product&quot;,&quot;image&quot;:&quot;Test product&quot;,&quot;createdAt&quot;:&quot;2016-11-17T17:58:03.298Z&quot;,&quot;updatedAt&quot;:&quot;2022-03-22T18:03:18.969Z&quot;}

	at java.base/jdk.internal.reflect.NativeConstructorAccessorImpl.newInstance0(Native Method)
	at java.base/jdk.internal.reflect.NativeConstructorAccessorImpl.newInstance(NativeConstructorAccessorImpl.java:77)
	at java.base/jdk.internal.reflect.DelegatingConstructorAccessorImpl.newInstance(DelegatingConstructorAccessorImpl.java:45)
	at java.base/java.lang.reflect.Constructor.newInstanceWithCaller(Constructor.java:499)
	at java.base/java.lang.reflect.Constructor.newInstance(Constructor.java:480)
	at org.codehaus.groovy.reflection.CachedConstructor.invoke(CachedConstructor.java:72)
	at org.codehaus.groovy.runtime.callsite.ConstructorSite$ConstructorSiteNoUnwrapNoCoerce.callConstructor(ConstructorSite.java:105)
	at org.codehaus.groovy.runtime.callsite.AbstractCallSite.callConstructor(AbstractCallSite.java:277)
	at io.restassured.internal.ResponseSpecificationImpl$HamcrestAssertionClosure.validate(ResponseSpecificationImpl.groovy:499)
	at io.restassured.internal.ResponseSpecificationImpl$HamcrestAssertionClosure$validate$2.call(Unknown Source)
	at io.restassured.internal.ResponseSpecificationImpl.validateResponseIfRequired(ResponseSpecificationImpl.groovy:684)
	at jdk.internal.reflect.GeneratedMethodAccessor294.invoke(Unknown Source)
	at java.base/jdk.internal.reflect.DelegatingMethodAccessorImpl.invoke(DelegatingMethodAccessorImpl.java:43)
	at java.base/java.lang.reflect.Method.invoke(Method.java:568)
	at org.codehaus.groovy.runtime.callsite.PlainObjectMetaMethodSite.doInvoke(PlainObjectMetaMethodSite.java:43)
	at org.codehaus.groovy.runtime.callsite.PogoMetaMethodSite$PogoCachedMethodSiteNoUnwrapNoCoerce.invoke(PogoMetaMethodSite.java:193)
	at org.codehaus.groovy.runtime.callsite.PogoMetaMethodSite.callCurrent(PogoMetaMethodSite.java:61)
	at org.codehaus.groovy.runtime.callsite.AbstractCallSite.callCurrent(AbstractCallSite.java:185)
	at io.restassured.internal.ResponseSpecificationImpl.body(ResponseSpecificationImpl.groovy:99)
	at io.restassured.internal.ValidatableResponseOptionsImpl.body(ValidatableResponseOptionsImpl.java:238)
	at io.restassured.internal.ValidatableResponseImpl.super$2$body(ValidatableResponseImpl.groovy)
	at java.base/jdk.internal.reflect.NativeMethodAccessorImpl.invoke0(Native Method)
	at java.base/jdk.internal.reflect.NativeMethodAccessorImpl.invoke(NativeMethodAccessorImpl.java:77)
	at java.base/jdk.internal.reflect.DelegatingMethodAccessorImpl.invoke(DelegatingMethodAccessorImpl.java:43)
	at java.base/java.lang.reflect.Method.invoke(Method.java:568)
	at org.codehaus.groovy.reflection.CachedMethod.invoke(CachedMethod.java:107)
	at groovy.lang.MetaMethod.doMethodInvoke(MetaMethod.java:323)
	at groovy.lang.MetaClassImpl.invokeMethod(MetaClassImpl.java:1268)
	at org.codehaus.groovy.runtime.ScriptBytecodeAdapter.invokeMethodOnSuperN(ScriptBytecodeAdapter.java:144)
	at io.restassured.internal.ValidatableResponseImpl.body(ValidatableResponseImpl.groovy:293)
	at io.restassured.internal.ValidatableResponseImpl.body(ValidatableResponseImpl.groovy)
	at com.multimodule.apitesting.driver.Assertions.bodySchema(Assertions.java:44)
	at com.multimodule.apitesting.stepDefinitions.testSteps.products.UpdateProductByID.updateProductData_validBody_BodyMatches(UpdateProductByID.java:56)
	at ?.update product response body matches &quot;scenarios/updateproduct/UpdateProduct_AllFields-response.json&quot;(file:///C:/Users/Khaled%20M%20Farh/Downloads/test-multi-module-project/test-api-project/src/test/resources/featuers/../featuers/products/UpdateProductByID.feature:12)
</pre></div></td>
<td>10</td>
<td>com.multimodule.apitesting.runners.Regression@2d9d4f9d</td></tr>
<tr>
<td title='com.multimodule.apitesting.runners.Regression.runScenario()'><b>runScenario</b><br>Test class: com.multimodule.apitesting.runners.Regression<br>Test method: Runs Cucumber Scenarios<br>Parameters: "User try to update the product with invalid data Missing product mandatory items", "Optional[User Wants to update a product data]"</td>
<td><div><pre>java.lang.AssertionError: 1 expectation failed.
Expected status code &lt;400&gt; but was &lt;200&gt;.

	at org.codehaus.groovy.runtime.callsite.ConstructorSite$ConstructorSiteNoUnwrapNoCoerce.callConstructor(ConstructorSite.java:105)
	at org.codehaus.groovy.runtime.callsite.AbstractCallSite.callConstructor(AbstractCallSite.java:277)
	at io.restassured.internal.ResponseSpecificationImpl$HamcrestAssertionClosure.validate(ResponseSpecificationImpl.groovy:499)
	at io.restassured.internal.ResponseSpecificationImpl$HamcrestAssertionClosure$validate$2.call(Unknown Source)
	at io.restassured.internal.ResponseSpecificationImpl.validateResponseIfRequired(ResponseSpecificationImpl.groovy:684)
	at org.codehaus.groovy.runtime.callsite.PlainObjectMetaMethodSite.doInvoke(PlainObjectMetaMethodSite.java:43)
	at org.codehaus.groovy.runtime.callsite.PogoMetaMethodSite$PogoCachedMethodSiteNoUnwrapNoCoerce.invoke(PogoMetaMethodSite.java:193)
	at org.codehaus.groovy.runtime.callsite.PogoMetaMethodSite.callCurrent(PogoMetaMethodSite.java:61)
	at org.codehaus.groovy.runtime.callsite.AbstractCallSite.callCurrent(AbstractCallSite.java:185)
	at io.restassured.internal.ResponseSpecificationImpl.statusCode(ResponseSpecificationImpl.groovy:127)
	at io.restassured.specification.ResponseSpecification$statusCode$0.callCurrent(Unknown Source)
	at io.restassured.internal.ResponseSpecificationImpl.statusCode(ResponseSpecificationImpl.groovy:135)
	at io.restassured.internal.ValidatableResponseOptionsImpl.statusCode(ValidatableResponseOptionsImpl.java:89)
	at io.restassured.internal.ValidatableResponseImpl.super$2$statusCode(ValidatableResponseImpl.groovy)
	at groovy.lang.MetaMethod.doMethodInvoke(MetaMethod.java:323)
	at groovy.lang.MetaClassImpl.invokeMethod(MetaClassImpl.java:1268)
	at org.codehaus.groovy.runtime.ScriptBytecodeAdapter.invokeMethodOnSuperN(ScriptBytecodeAdapter.java:144)
	at io.restassured.internal.ValidatableResponseImpl.statusCode(ValidatableResponseImpl.groovy:142)
	at io.restassured.internal.ValidatableResponseImpl.statusCode(ValidatableResponseImpl.groovy)
	at com.multimodule.apitesting.driver.Assertions.statusCode(Assertions.java:52)
	at com.multimodule.apitesting.stepDefinitions.testSteps.products.UpdateProductByID.updateProductData_validBody_StatusCode(UpdateProductByID.java:44)
	at ?.update product response status code is &quot;400&quot;(file:///C:/Users/Khaled%20M%20Farh/Downloads/test-multi-module-project/test-api-project/src/test/resources/featuers/../featuers/products/UpdateProductByID.feature:24)
... Removed 13 stack frames</pre></div><a href='#' onClick='toggleBox("stack-trace473818422", this, "Click to show all stack frames", "Click to hide stack frames")'>Click to show all stack frames</a>
<div class='stack-trace' id='stack-trace473818422'><pre>java.lang.AssertionError: 1 expectation failed.
Expected status code &lt;400&gt; but was &lt;200&gt;.

	at java.base/jdk.internal.reflect.NativeConstructorAccessorImpl.newInstance0(Native Method)
	at java.base/jdk.internal.reflect.NativeConstructorAccessorImpl.newInstance(NativeConstructorAccessorImpl.java:77)
	at java.base/jdk.internal.reflect.DelegatingConstructorAccessorImpl.newInstance(DelegatingConstructorAccessorImpl.java:45)
	at java.base/java.lang.reflect.Constructor.newInstanceWithCaller(Constructor.java:499)
	at java.base/java.lang.reflect.Constructor.newInstance(Constructor.java:480)
	at org.codehaus.groovy.reflection.CachedConstructor.invoke(CachedConstructor.java:72)
	at org.codehaus.groovy.runtime.callsite.ConstructorSite$ConstructorSiteNoUnwrapNoCoerce.callConstructor(ConstructorSite.java:105)
	at org.codehaus.groovy.runtime.callsite.AbstractCallSite.callConstructor(AbstractCallSite.java:277)
	at io.restassured.internal.ResponseSpecificationImpl$HamcrestAssertionClosure.validate(ResponseSpecificationImpl.groovy:499)
	at io.restassured.internal.ResponseSpecificationImpl$HamcrestAssertionClosure$validate$2.call(Unknown Source)
	at io.restassured.internal.ResponseSpecificationImpl.validateResponseIfRequired(ResponseSpecificationImpl.groovy:684)
	at jdk.internal.reflect.GeneratedMethodAccessor294.invoke(Unknown Source)
	at java.base/jdk.internal.reflect.DelegatingMethodAccessorImpl.invoke(DelegatingMethodAccessorImpl.java:43)
	at java.base/java.lang.reflect.Method.invoke(Method.java:568)
	at org.codehaus.groovy.runtime.callsite.PlainObjectMetaMethodSite.doInvoke(PlainObjectMetaMethodSite.java:43)
	at org.codehaus.groovy.runtime.callsite.PogoMetaMethodSite$PogoCachedMethodSiteNoUnwrapNoCoerce.invoke(PogoMetaMethodSite.java:193)
	at org.codehaus.groovy.runtime.callsite.PogoMetaMethodSite.callCurrent(PogoMetaMethodSite.java:61)
	at org.codehaus.groovy.runtime.callsite.AbstractCallSite.callCurrent(AbstractCallSite.java:185)
	at io.restassured.internal.ResponseSpecificationImpl.statusCode(ResponseSpecificationImpl.groovy:127)
	at io.restassured.specification.ResponseSpecification$statusCode$0.callCurrent(Unknown Source)
	at io.restassured.internal.ResponseSpecificationImpl.statusCode(ResponseSpecificationImpl.groovy:135)
	at io.restassured.internal.ValidatableResponseOptionsImpl.statusCode(ValidatableResponseOptionsImpl.java:89)
	at io.restassured.internal.ValidatableResponseImpl.super$2$statusCode(ValidatableResponseImpl.groovy)
	at jdk.internal.reflect.GeneratedMethodAccessor320.invoke(Unknown Source)
	at java.base/jdk.internal.reflect.DelegatingMethodAccessorImpl.invoke(DelegatingMethodAccessorImpl.java:43)
	at java.base/java.lang.reflect.Method.invoke(Method.java:568)
	at org.codehaus.groovy.reflection.CachedMethod.invoke(CachedMethod.java:107)
	at groovy.lang.MetaMethod.doMethodInvoke(MetaMethod.java:323)
	at groovy.lang.MetaClassImpl.invokeMethod(MetaClassImpl.java:1268)
	at org.codehaus.groovy.runtime.ScriptBytecodeAdapter.invokeMethodOnSuperN(ScriptBytecodeAdapter.java:144)
	at io.restassured.internal.ValidatableResponseImpl.statusCode(ValidatableResponseImpl.groovy:142)
	at io.restassured.internal.ValidatableResponseImpl.statusCode(ValidatableResponseImpl.groovy)
	at com.multimodule.apitesting.driver.Assertions.statusCode(Assertions.java:52)
	at com.multimodule.apitesting.stepDefinitions.testSteps.products.UpdateProductByID.updateProductData_validBody_StatusCode(UpdateProductByID.java:44)
	at ?.update product response status code is &quot;400&quot;(file:///C:/Users/Khaled%20M%20Farh/Downloads/test-multi-module-project/test-api-project/src/test/resources/featuers/../featuers/products/UpdateProductByID.feature:24)
</pre></div></td>
<td>10</td>
<td>com.multimodule.apitesting.runners.Regression@2d9d4f9d</td></tr>
<tr>
<td title='com.multimodule.apitesting.runners.Regression.runScenario()'><b>runScenario</b><br>Test class: com.multimodule.apitesting.runners.Regression<br>Test method: Runs Cucumber Scenarios<br>Parameters: "User try to update the category with invalid data Missing product mandatory items", "Optional[update a category data]"</td>
<td><div><pre>java.lang.AssertionError: 1 expectation failed.
Expected status code &lt;400&gt; but was &lt;200&gt;.

	at org.codehaus.groovy.runtime.callsite.ConstructorSite$ConstructorSiteNoUnwrapNoCoerce.callConstructor(ConstructorSite.java:105)
	at org.codehaus.groovy.runtime.callsite.AbstractCallSite.callConstructor(AbstractCallSite.java:277)
	at io.restassured.internal.ResponseSpecificationImpl$HamcrestAssertionClosure.validate(ResponseSpecificationImpl.groovy:499)
	at io.restassured.internal.ResponseSpecificationImpl$HamcrestAssertionClosure$validate$2.call(Unknown Source)
	at io.restassured.internal.ResponseSpecificationImpl.validateResponseIfRequired(ResponseSpecificationImpl.groovy:684)
	at org.codehaus.groovy.runtime.callsite.PlainObjectMetaMethodSite.doInvoke(PlainObjectMetaMethodSite.java:43)
	at org.codehaus.groovy.runtime.callsite.PogoMetaMethodSite$PogoCachedMethodSiteNoUnwrapNoCoerce.invoke(PogoMetaMethodSite.java:193)
	at org.codehaus.groovy.runtime.callsite.PogoMetaMethodSite.callCurrent(PogoMetaMethodSite.java:61)
	at org.codehaus.groovy.runtime.callsite.AbstractCallSite.callCurrent(AbstractCallSite.java:185)
	at io.restassured.internal.ResponseSpecificationImpl.statusCode(ResponseSpecificationImpl.groovy:127)
	at io.restassured.specification.ResponseSpecification$statusCode$0.callCurrent(Unknown Source)
	at io.restassured.internal.ResponseSpecificationImpl.statusCode(ResponseSpecificationImpl.groovy:135)
	at io.restassured.internal.ValidatableResponseOptionsImpl.statusCode(ValidatableResponseOptionsImpl.java:89)
	at io.restassured.internal.ValidatableResponseImpl.super$2$statusCode(ValidatableResponseImpl.groovy)
	at groovy.lang.MetaMethod.doMethodInvoke(MetaMethod.java:323)
	at groovy.lang.MetaClassImpl.invokeMethod(MetaClassImpl.java:1268)
	at org.codehaus.groovy.runtime.ScriptBytecodeAdapter.invokeMethodOnSuperN(ScriptBytecodeAdapter.java:144)
	at io.restassured.internal.ValidatableResponseImpl.statusCode(ValidatableResponseImpl.groovy:142)
	at io.restassured.internal.ValidatableResponseImpl.statusCode(ValidatableResponseImpl.groovy)
	at com.multimodule.apitesting.driver.Assertions.statusCode(Assertions.java:52)
	at com.multimodule.apitesting.stepDefinitions.testSteps.category.UpdateCategoryByID.update_category_response_status_code_is(UpdateCategoryByID.java:41)
	at ?.update category response status code is &quot;400&quot;(file:///C:/Users/Khaled%20M%20Farh/Downloads/test-multi-module-project/test-api-project/src/test/resources/featuers/../featuers/categories/UpdateCategoryByID.feature:22)
... Removed 13 stack frames</pre></div><a href='#' onClick='toggleBox("stack-trace521196146", this, "Click to show all stack frames", "Click to hide stack frames")'>Click to show all stack frames</a>
<div class='stack-trace' id='stack-trace521196146'><pre>java.lang.AssertionError: 1 expectation failed.
Expected status code &lt;400&gt; but was &lt;200&gt;.

	at java.base/jdk.internal.reflect.NativeConstructorAccessorImpl.newInstance0(Native Method)
	at java.base/jdk.internal.reflect.NativeConstructorAccessorImpl.newInstance(NativeConstructorAccessorImpl.java:77)
	at java.base/jdk.internal.reflect.DelegatingConstructorAccessorImpl.newInstance(DelegatingConstructorAccessorImpl.java:45)
	at java.base/java.lang.reflect.Constructor.newInstanceWithCaller(Constructor.java:499)
	at java.base/java.lang.reflect.Constructor.newInstance(Constructor.java:480)
	at org.codehaus.groovy.reflection.CachedConstructor.invoke(CachedConstructor.java:72)
	at org.codehaus.groovy.runtime.callsite.ConstructorSite$ConstructorSiteNoUnwrapNoCoerce.callConstructor(ConstructorSite.java:105)
	at org.codehaus.groovy.runtime.callsite.AbstractCallSite.callConstructor(AbstractCallSite.java:277)
	at io.restassured.internal.ResponseSpecificationImpl$HamcrestAssertionClosure.validate(ResponseSpecificationImpl.groovy:499)
	at io.restassured.internal.ResponseSpecificationImpl$HamcrestAssertionClosure$validate$2.call(Unknown Source)
	at io.restassured.internal.ResponseSpecificationImpl.validateResponseIfRequired(ResponseSpecificationImpl.groovy:684)
	at jdk.internal.reflect.GeneratedMethodAccessor294.invoke(Unknown Source)
	at java.base/jdk.internal.reflect.DelegatingMethodAccessorImpl.invoke(DelegatingMethodAccessorImpl.java:43)
	at java.base/java.lang.reflect.Method.invoke(Method.java:568)
	at org.codehaus.groovy.runtime.callsite.PlainObjectMetaMethodSite.doInvoke(PlainObjectMetaMethodSite.java:43)
	at org.codehaus.groovy.runtime.callsite.PogoMetaMethodSite$PogoCachedMethodSiteNoUnwrapNoCoerce.invoke(PogoMetaMethodSite.java:193)
	at org.codehaus.groovy.runtime.callsite.PogoMetaMethodSite.callCurrent(PogoMetaMethodSite.java:61)
	at org.codehaus.groovy.runtime.callsite.AbstractCallSite.callCurrent(AbstractCallSite.java:185)
	at io.restassured.internal.ResponseSpecificationImpl.statusCode(ResponseSpecificationImpl.groovy:127)
	at io.restassured.specification.ResponseSpecification$statusCode$0.callCurrent(Unknown Source)
	at io.restassured.internal.ResponseSpecificationImpl.statusCode(ResponseSpecificationImpl.groovy:135)
	at io.restassured.internal.ValidatableResponseOptionsImpl.statusCode(ValidatableResponseOptionsImpl.java:89)
	at io.restassured.internal.ValidatableResponseImpl.super$2$statusCode(ValidatableResponseImpl.groovy)
	at jdk.internal.reflect.GeneratedMethodAccessor320.invoke(Unknown Source)
	at java.base/jdk.internal.reflect.DelegatingMethodAccessorImpl.invoke(DelegatingMethodAccessorImpl.java:43)
	at java.base/java.lang.reflect.Method.invoke(Method.java:568)
	at org.codehaus.groovy.reflection.CachedMethod.invoke(CachedMethod.java:107)
	at groovy.lang.MetaMethod.doMethodInvoke(MetaMethod.java:323)
	at groovy.lang.MetaClassImpl.invokeMethod(MetaClassImpl.java:1268)
	at org.codehaus.groovy.runtime.ScriptBytecodeAdapter.invokeMethodOnSuperN(ScriptBytecodeAdapter.java:144)
	at io.restassured.internal.ValidatableResponseImpl.statusCode(ValidatableResponseImpl.groovy:142)
	at io.restassured.internal.ValidatableResponseImpl.statusCode(ValidatableResponseImpl.groovy)
	at com.multimodule.apitesting.driver.Assertions.statusCode(Assertions.java:52)
	at com.multimodule.apitesting.stepDefinitions.testSteps.category.UpdateCategoryByID.update_category_response_status_code_is(UpdateCategoryByID.java:41)
	at ?.update category response status code is &quot;400&quot;(file:///C:/Users/Khaled%20M%20Farh/Downloads/test-multi-module-project/test-api-project/src/test/resources/featuers/../featuers/categories/UpdateCategoryByID.feature:22)
</pre></div></td>
<td>10</td>
<td>com.multimodule.apitesting.runners.Regression@2d9d4f9d</td></tr>
<tr>
<td title='com.multimodule.apitesting.runners.Regression.runScenario()'><b>runScenario</b><br>Test class: com.multimodule.apitesting.runners.Regression<br>Test method: Runs Cucumber Scenarios<br>Parameters: "User try to update the product with valid data", "Optional[User Wants to update a product data]"</td>
<td><div><pre>java.lang.AssertionError: 1 expectation failed.
Response body doesn&apos;t match expectation.
Expected: The content to match the given JSON schema.
warning: the following keywords are unknown and will be ignored: [image, manufacturer, model, name, price, shipping, upc, url]
    level: &quot;warning&quot;
    schema: {&quot;loadingURI&quot;:&quot;#&quot;,&quot;pointer&quot;:&quot;&quot;}
    domain: &quot;syntax&quot;
    ignored: [&quot;image&quot;,&quot;manufacturer&quot;,&quot;model&quot;,&quot;name&quot;,&quot;price&quot;,&quot;shipping&quot;,&quot;upc&quot;,&quot;url&quot;]
error: instance type (object) does not match any allowed primitive type (allowed: [&quot;string&quot;])
    level: &quot;error&quot;
    schema: {&quot;loadingURI&quot;:&quot;#&quot;,&quot;pointer&quot;:&quot;&quot;}
    instance: {&quot;pointer&quot;:&quot;&quot;}
    domain: &quot;validation&quot;
    keyword: &quot;type&quot;
    found: &quot;object&quot;
    expected: [&quot;string&quot;]

  Actual: {&quot;id&quot;:312290,&quot;name&quot;:&quot;1&quot;,&quot;type&quot;:&quot;Product Patched&quot;,&quot;price&quot;:1222,&quot;upc&quot;:&quot;string&quot;,&quot;shipping&quot;:2666,&quot;description&quot;:&quot;Product Patched&quot;,&quot;manufacturer&quot;:&quot;Test product&quot;,&quot;model&quot;:&quot;Product Patched&quot;,&quot;url&quot;:&quot;Test product&quot;,&quot;image&quot;:&quot;Test product&quot;,&quot;createdAt&quot;:&quot;2016-11-17T17:58:03.298Z&quot;,&quot;updatedAt&quot;:&quot;2022-03-22T18:03:18.969Z&quot;}

	at org.codehaus.groovy.runtime.callsite.ConstructorSite$ConstructorSiteNoUnwrapNoCoerce.callConstructor(ConstructorSite.java:105)
	at org.codehaus.groovy.runtime.callsite.AbstractCallSite.callConstructor(AbstractCallSite.java:277)
	at io.restassured.internal.ResponseSpecificationImpl$HamcrestAssertionClosure.validate(ResponseSpecificationImpl.groovy:499)
	at io.restassured.internal.ResponseSpecificationImpl$HamcrestAssertionClosure$validate$2.call(Unknown Source)
	at io.restassured.internal.ResponseSpecificationImpl.validateResponseIfRequired(ResponseSpecificationImpl.groovy:684)
	at org.codehaus.groovy.runtime.callsite.PlainObjectMetaMethodSite.doInvoke(PlainObjectMetaMethodSite.java:43)
	at org.codehaus.groovy.runtime.callsite.PogoMetaMethodSite$PogoCachedMethodSiteNoUnwrapNoCoerce.invoke(PogoMetaMethodSite.java:193)
	at org.codehaus.groovy.runtime.callsite.PogoMetaMethodSite.callCurrent(PogoMetaMethodSite.java:61)
	at org.codehaus.groovy.runtime.callsite.AbstractCallSite.callCurrent(AbstractCallSite.java:185)
	at io.restassured.internal.ResponseSpecificationImpl.body(ResponseSpecificationImpl.groovy:99)
	at io.restassured.internal.ValidatableResponseOptionsImpl.body(ValidatableResponseOptionsImpl.java:238)
	at io.restassured.internal.ValidatableResponseImpl.super$2$body(ValidatableResponseImpl.groovy)
	at groovy.lang.MetaMethod.doMethodInvoke(MetaMethod.java:323)
	at groovy.lang.MetaClassImpl.invokeMethod(MetaClassImpl.java:1268)
	at org.codehaus.groovy.runtime.ScriptBytecodeAdapter.invokeMethodOnSuperN(ScriptBytecodeAdapter.java:144)
	at io.restassured.internal.ValidatableResponseImpl.body(ValidatableResponseImpl.groovy:293)
	at io.restassured.internal.ValidatableResponseImpl.body(ValidatableResponseImpl.groovy)
	at com.multimodule.apitesting.driver.Assertions.bodySchema(Assertions.java:44)
	at com.multimodule.apitesting.stepDefinitions.testSteps.products.UpdateProductByID.updateProductData_validBody_BodyMatches(UpdateProductByID.java:56)
	at ?.update product response body matches &quot;scenarios/updateproduct/UpdateProduct_MandatoryFields-response.json&quot;(file:///C:/Users/Khaled%20M%20Farh/Downloads/test-multi-module-project/test-api-project/src/test/resources/featuers/../featuers/products/UpdateProductByID.feature:12)
... Removed 14 stack frames</pre></div><a href='#' onClick='toggleBox("stack-trace248809916", this, "Click to show all stack frames", "Click to hide stack frames")'>Click to show all stack frames</a>
<div class='stack-trace' id='stack-trace248809916'><pre>java.lang.AssertionError: 1 expectation failed.
Response body doesn&apos;t match expectation.
Expected: The content to match the given JSON schema.
warning: the following keywords are unknown and will be ignored: [image, manufacturer, model, name, price, shipping, upc, url]
    level: &quot;warning&quot;
    schema: {&quot;loadingURI&quot;:&quot;#&quot;,&quot;pointer&quot;:&quot;&quot;}
    domain: &quot;syntax&quot;
    ignored: [&quot;image&quot;,&quot;manufacturer&quot;,&quot;model&quot;,&quot;name&quot;,&quot;price&quot;,&quot;shipping&quot;,&quot;upc&quot;,&quot;url&quot;]
error: instance type (object) does not match any allowed primitive type (allowed: [&quot;string&quot;])
    level: &quot;error&quot;
    schema: {&quot;loadingURI&quot;:&quot;#&quot;,&quot;pointer&quot;:&quot;&quot;}
    instance: {&quot;pointer&quot;:&quot;&quot;}
    domain: &quot;validation&quot;
    keyword: &quot;type&quot;
    found: &quot;object&quot;
    expected: [&quot;string&quot;]

  Actual: {&quot;id&quot;:312290,&quot;name&quot;:&quot;1&quot;,&quot;type&quot;:&quot;Product Patched&quot;,&quot;price&quot;:1222,&quot;upc&quot;:&quot;string&quot;,&quot;shipping&quot;:2666,&quot;description&quot;:&quot;Product Patched&quot;,&quot;manufacturer&quot;:&quot;Test product&quot;,&quot;model&quot;:&quot;Product Patched&quot;,&quot;url&quot;:&quot;Test product&quot;,&quot;image&quot;:&quot;Test product&quot;,&quot;createdAt&quot;:&quot;2016-11-17T17:58:03.298Z&quot;,&quot;updatedAt&quot;:&quot;2022-03-22T18:03:18.969Z&quot;}

	at java.base/jdk.internal.reflect.NativeConstructorAccessorImpl.newInstance0(Native Method)
	at java.base/jdk.internal.reflect.NativeConstructorAccessorImpl.newInstance(NativeConstructorAccessorImpl.java:77)
	at java.base/jdk.internal.reflect.DelegatingConstructorAccessorImpl.newInstance(DelegatingConstructorAccessorImpl.java:45)
	at java.base/java.lang.reflect.Constructor.newInstanceWithCaller(Constructor.java:499)
	at java.base/java.lang.reflect.Constructor.newInstance(Constructor.java:480)
	at org.codehaus.groovy.reflection.CachedConstructor.invoke(CachedConstructor.java:72)
	at org.codehaus.groovy.runtime.callsite.ConstructorSite$ConstructorSiteNoUnwrapNoCoerce.callConstructor(ConstructorSite.java:105)
	at org.codehaus.groovy.runtime.callsite.AbstractCallSite.callConstructor(AbstractCallSite.java:277)
	at io.restassured.internal.ResponseSpecificationImpl$HamcrestAssertionClosure.validate(ResponseSpecificationImpl.groovy:499)
	at io.restassured.internal.ResponseSpecificationImpl$HamcrestAssertionClosure$validate$2.call(Unknown Source)
	at io.restassured.internal.ResponseSpecificationImpl.validateResponseIfRequired(ResponseSpecificationImpl.groovy:684)
	at jdk.internal.reflect.GeneratedMethodAccessor294.invoke(Unknown Source)
	at java.base/jdk.internal.reflect.DelegatingMethodAccessorImpl.invoke(DelegatingMethodAccessorImpl.java:43)
	at java.base/java.lang.reflect.Method.invoke(Method.java:568)
	at org.codehaus.groovy.runtime.callsite.PlainObjectMetaMethodSite.doInvoke(PlainObjectMetaMethodSite.java:43)
	at org.codehaus.groovy.runtime.callsite.PogoMetaMethodSite$PogoCachedMethodSiteNoUnwrapNoCoerce.invoke(PogoMetaMethodSite.java:193)
	at org.codehaus.groovy.runtime.callsite.PogoMetaMethodSite.callCurrent(PogoMetaMethodSite.java:61)
	at org.codehaus.groovy.runtime.callsite.AbstractCallSite.callCurrent(AbstractCallSite.java:185)
	at io.restassured.internal.ResponseSpecificationImpl.body(ResponseSpecificationImpl.groovy:99)
	at io.restassured.internal.ValidatableResponseOptionsImpl.body(ValidatableResponseOptionsImpl.java:238)
	at io.restassured.internal.ValidatableResponseImpl.super$2$body(ValidatableResponseImpl.groovy)
	at java.base/jdk.internal.reflect.NativeMethodAccessorImpl.invoke0(Native Method)
	at java.base/jdk.internal.reflect.NativeMethodAccessorImpl.invoke(NativeMethodAccessorImpl.java:77)
	at java.base/jdk.internal.reflect.DelegatingMethodAccessorImpl.invoke(DelegatingMethodAccessorImpl.java:43)
	at java.base/java.lang.reflect.Method.invoke(Method.java:568)
	at org.codehaus.groovy.reflection.CachedMethod.invoke(CachedMethod.java:107)
	at groovy.lang.MetaMethod.doMethodInvoke(MetaMethod.java:323)
	at groovy.lang.MetaClassImpl.invokeMethod(MetaClassImpl.java:1268)
	at org.codehaus.groovy.runtime.ScriptBytecodeAdapter.invokeMethodOnSuperN(ScriptBytecodeAdapter.java:144)
	at io.restassured.internal.ValidatableResponseImpl.body(ValidatableResponseImpl.groovy:293)
	at io.restassured.internal.ValidatableResponseImpl.body(ValidatableResponseImpl.groovy)
	at com.multimodule.apitesting.driver.Assertions.bodySchema(Assertions.java:44)
	at com.multimodule.apitesting.stepDefinitions.testSteps.products.UpdateProductByID.updateProductData_validBody_BodyMatches(UpdateProductByID.java:56)
	at ?.update product response body matches &quot;scenarios/updateproduct/UpdateProduct_MandatoryFields-response.json&quot;(file:///C:/Users/Khaled%20M%20Farh/Downloads/test-multi-module-project/test-api-project/src/test/resources/featuers/../featuers/products/UpdateProductByID.feature:12)
</pre></div></td>
<td>10</td>
<td>com.multimodule.apitesting.runners.Regression@2d9d4f9d</td></tr>
</table><p>
<table width='100%' border='1' class='invocation-passed'>
<tr><td colspan='4' align='center'><b>PASSED TESTS</b></td></tr>
<tr><td><b>Test method</b></td>
<td width="30%"><b>Exception</b></td>
<td width="10%"><b>Time (seconds)</b></td>
<td><b>Instance</b></td>
</tr>
<tr>
<td title='com.multimodule.apitesting.runners.Regression.runScenario()'><b>runScenario</b><br>Test class: com.multimodule.apitesting.runners.Regression<br>Test method: Runs Cucumber Scenarios<br>Parameters: "User try to add category with invalid data request body parameters and valid content type", "Optional[User Wants to add a new category]"</td>
<td></td>
<td>6</td>
<td>com.multimodule.apitesting.runners.Regression@2d9d4f9d</td></tr>
<tr>
<td title='com.multimodule.apitesting.runners.Regression.runScenario()'><b>runScenario</b><br>Test class: com.multimodule.apitesting.runners.Regression<br>Test method: Runs Cucumber Scenarios<br>Parameters: "User try to add the product with invalid data request body and valid content type", "Optional[User Wants to add a new product]"</td>
<td></td>
<td>6</td>
<td>com.multimodule.apitesting.runners.Regression@2d9d4f9d</td></tr>
<tr>
<td title='com.multimodule.apitesting.runners.Regression.runScenario()'><b>runScenario</b><br>Test class: com.multimodule.apitesting.runners.Regression<br>Test method: Runs Cucumber Scenarios<br>Parameters: "User try to add the product with invalid data request body and valid content type", "Optional[User Wants to add a new product]"</td>
<td></td>
<td>6</td>
<td>com.multimodule.apitesting.runners.Regression@2d9d4f9d</td></tr>
<tr>
<td title='com.multimodule.apitesting.runners.Regression.runScenario()'><b>runScenario</b><br>Test class: com.multimodule.apitesting.runners.Regression<br>Test method: Runs Cucumber Scenarios<br>Parameters: "User try to add category with invalid data request body parameters and valid content type", "Optional[User Wants to add a new category]"</td>
<td></td>
<td>6</td>
<td>com.multimodule.apitesting.runners.Regression@2d9d4f9d</td></tr>
<tr>
<td title='com.multimodule.apitesting.runners.Regression.runScenario()'><b>runScenario</b><br>Test class: com.multimodule.apitesting.runners.Regression<br>Test method: Runs Cucumber Scenarios<br>Parameters: "User try to add category with invalid data request body parameters and valid content type", "Optional[User Wants to add a new category]"</td>
<td></td>
<td>6</td>
<td>com.multimodule.apitesting.runners.Regression@2d9d4f9d</td></tr>
<tr>
<td title='com.multimodule.apitesting.runners.Regression.runScenario()'><b>runScenario</b><br>Test class: com.multimodule.apitesting.runners.Regression<br>Test method: Runs Cucumber Scenarios<br>Parameters: "User try to add the product with valid data and invalid content type", "Optional[User Wants to add a new product]"</td>
<td></td>
<td>6</td>
<td>com.multimodule.apitesting.runners.Regression@2d9d4f9d</td></tr>
<tr>
<td title='com.multimodule.apitesting.runners.Regression.runScenario()'><b>runScenario</b><br>Test class: com.multimodule.apitesting.runners.Regression<br>Test method: Runs Cucumber Scenarios<br>Parameters: "User try to get a product with valid product id", "Optional[Get One Product by ID]"</td>
<td></td>
<td>7</td>
<td>com.multimodule.apitesting.runners.Regression@2d9d4f9d</td></tr>
<tr>
<td title='com.multimodule.apitesting.runners.Regression.runScenario()'><b>runScenario</b><br>Test class: com.multimodule.apitesting.runners.Regression<br>Test method: Runs Cucumber Scenarios<br>Parameters: "get all available product", "Optional[Get All Products]"</td>
<td></td>
<td>7</td>
<td>com.multimodule.apitesting.runners.Regression@2d9d4f9d</td></tr>
<tr>
<td title='com.multimodule.apitesting.runners.Regression.runScenario()'><b>runScenario</b><br>Test class: com.multimodule.apitesting.runners.Regression<br>Test method: Runs Cucumber Scenarios<br>Parameters: "User try to get a Category with valid Category id", "Optional[Get Category by ID]"</td>
<td></td>
<td>7</td>
<td>com.multimodule.apitesting.runners.Regression@2d9d4f9d</td></tr>
<tr>
<td title='com.multimodule.apitesting.runners.Regression.runScenario()'><b>runScenario</b><br>Test class: com.multimodule.apitesting.runners.Regression<br>Test method: Runs Cucumber Scenarios<br>Parameters: "User try to get category with invalid category ID", "Optional[Get Category by ID]"</td>
<td></td>
<td>8</td>
<td>com.multimodule.apitesting.runners.Regression@2d9d4f9d</td></tr>
<tr>
<td title='com.multimodule.apitesting.runners.Regression.runScenario()'><b>runScenario</b><br>Test class: com.multimodule.apitesting.runners.Regression<br>Test method: Runs Cucumber Scenarios<br>Parameters: "User try to get product with invalid", "Optional[Get One Product by ID]"</td>
<td></td>
<td>8</td>
<td>com.multimodule.apitesting.runners.Regression@2d9d4f9d</td></tr>
<tr>
<td title='com.multimodule.apitesting.runners.Regression.runScenario()'><b>runScenario</b><br>Test class: com.multimodule.apitesting.runners.Regression<br>Test method: Runs Cucumber Scenarios<br>Parameters: "User try to get product with invalid", "Optional[Get One Product by ID]"</td>
<td></td>
<td>8</td>
<td>com.multimodule.apitesting.runners.Regression@2d9d4f9d</td></tr>
<tr>
<td title='com.multimodule.apitesting.runners.Regression.runScenario()'><b>runScenario</b><br>Test class: com.multimodule.apitesting.runners.Regression<br>Test method: Runs Cucumber Scenarios<br>Parameters: "User try to get category with invalid category ID", "Optional[Get Category by ID]"</td>
<td></td>
<td>8</td>
<td>com.multimodule.apitesting.runners.Regression@2d9d4f9d</td></tr>
<tr>
<td title='com.multimodule.apitesting.runners.Regression.runScenario()'><b>runScenario</b><br>Test class: com.multimodule.apitesting.runners.Regression<br>Test method: Runs Cucumber Scenarios<br>Parameters: "User try to get category with invalid category ID", "Optional[Get Category by ID]"</td>
<td></td>
<td>8</td>
<td>com.multimodule.apitesting.runners.Regression@2d9d4f9d</td></tr>
<tr>
<td title='com.multimodule.apitesting.runners.Regression.runScenario()'><b>runScenario</b><br>Test class: com.multimodule.apitesting.runners.Regression<br>Test method: Runs Cucumber Scenarios<br>Parameters: "User try to get category with invalid category ID", "Optional[Get Category by ID]"</td>
<td></td>
<td>8</td>
<td>com.multimodule.apitesting.runners.Regression@2d9d4f9d</td></tr>
<tr>
<td title='com.multimodule.apitesting.runners.Regression.runScenario()'><b>runScenario</b><br>Test class: com.multimodule.apitesting.runners.Regression<br>Test method: Runs Cucumber Scenarios<br>Parameters: "User try to get product with invalid", "Optional[Get One Product by ID]"</td>
<td></td>
<td>8</td>
<td>com.multimodule.apitesting.runners.Regression@2d9d4f9d</td></tr>
<tr>
<td title='com.multimodule.apitesting.runners.Regression.runScenario()'><b>runScenario</b><br>Test class: com.multimodule.apitesting.runners.Regression<br>Test method: Runs Cucumber Scenarios<br>Parameters: "User try to get product with invalid", "Optional[Get One Product by ID]"</td>
<td></td>
<td>8</td>
<td>com.multimodule.apitesting.runners.Regression@2d9d4f9d</td></tr>
<tr>
<td title='com.multimodule.apitesting.runners.Regression.runScenario()'><b>runScenario</b><br>Test class: com.multimodule.apitesting.runners.Regression<br>Test method: Runs Cucumber Scenarios<br>Parameters: "get all available Categories", "Optional[Get All Categories]"</td>
<td></td>
<td>11</td>
<td>com.multimodule.apitesting.runners.Regression@2d9d4f9d</td></tr>
<tr>
<td title='com.multimodule.apitesting.runners.Regression.runScenario()'><b>runScenario</b><br>Test class: com.multimodule.apitesting.runners.Regression<br>Test method: Runs Cucumber Scenarios<br>Parameters: "User try to update the category with valid data", "Optional[update a category data]"</td>
<td></td>
<td>11</td>
<td>com.multimodule.apitesting.runners.Regression@2d9d4f9d</td></tr>
<tr>
<td title='com.multimodule.apitesting.runners.Regression.runScenario()'><b>runScenario</b><br>Test class: com.multimodule.apitesting.runners.Regression<br>Test method: Runs Cucumber Scenarios<br>Parameters: "User will try to delete a product using a valid category ID", "Optional[Delete a category using the category ID]"</td>
<td></td>
<td>12</td>
<td>com.multimodule.apitesting.runners.Regression@2d9d4f9d</td></tr>
<tr>
<td title='com.multimodule.apitesting.runners.Regression.runScenario()'><b>runScenario</b><br>Test class: com.multimodule.apitesting.runners.Regression<br>Test method: Runs Cucumber Scenarios<br>Parameters: "User will try to delete a product using a valid product ID", "Optional[Delete a product using the product ID]"</td>
<td></td>
<td>11</td>
<td>com.multimodule.apitesting.runners.Regression@2d9d4f9d</td></tr>
</table><p>
</body>
</html>